<?xml version="1.0" encoding="UTF-8"?>
<testsuite xmlns:xsi="http://www.w3.org/2001/XMLSchema-instance" xsi:noNamespaceSchemaLocation="https://maven.apache.org/surefire/maven-surefire-plugin/xsd/surefire-test-report-3.0.xsd" version="3.0" name="br.com.fiap.restapi.RestapiApplicationTests" time="8.611" tests="1" errors="0" skipped="0" failures="0">
  <properties>
[...]
</properties>
  <testcase name="contextLoads" classname="br.com.fiap.restapi.RestapiApplicationTests" time="1.071">
    <system-out><![CDATA[04:45:58.620 [main] INFO org.springframework.test.context.support.AnnotationConfigContextLoaderUtils -- Could not detect default configuration classes for test class [br.com.fiap.restapi.RestapiApplicationTests]: RestapiApplicationTests does not declare any static, non-private, non-final, nested classes annotated with @Configuration.
04:45:58.721 [main] INFO org.springframework.boot.test.context.SpringBootTestContextBootstrapper -- Found @SpringBootConfiguration br.com.fiap.restapi.RestapiApplication for test class br.com.fiap.restapi.RestapiApplicationTests

  .   ____          _            __ _ _
 /\\ / ___'_ __ _ _(_)_ __  __ _ \ \ \ \
( ( )\___ | '_ | '_| | '_ \/ _` | \ \ \ \
 \\/  ___)| |_)| | | | | || (_| |  ) ) ) )
  '  |____| .__|_| |_|_| |_\__, | / / / /
 =========|_|==============|___/=/_/_/_/
 :: Spring Boot ::                (v3.1.4)

2023-09-23T04:45:59.166-03:00  INFO 66236 --- [           main] b.c.f.restapi.RestapiApplicationTests    : Starting RestapiApplicationTests using Java 17.0.8 with PID 66236 (started by gabrielvictor in /home/gabrielvictor/Projetos/risa/os/java)
2023-09-23T04:45:59.167-03:00  INFO 66236 --- [           main] b.c.f.restapi.RestapiApplicationTests    : No active profile set, falling back to 1 default profile: "default"
2023-09-23T04:45:59.887-03:00  INFO 66236 --- [           main] .s.d.r.c.RepositoryConfigurationDelegate : Bootstrapping Spring Data JPA repositories in DEFAULT mode.
2023-09-23T04:45:59.997-03:00  INFO 66236 --- [           main] .s.d.r.c.RepositoryConfigurationDelegate : Finished Spring Data repository scanning in 101 ms. Found 3 JPA repository interfaces.
2023-09-23T04:46:01.388-03:00  INFO 66236 --- [           main] o.hibernate.jpa.internal.util.LogHelper  : HHH000204: Processing PersistenceUnitInfo [name: default]
2023-09-23T04:46:01.531-03:00  INFO 66236 --- [           main] org.hibernate.Version                    : HHH000412: Hibernate ORM core version 6.2.9.Final
2023-09-23T04:46:01.540-03:00  INFO 66236 --- [           main] org.hibernate.cfg.Environment            : HHH000406: Using bytecode reflection optimizer
2023-09-23T04:46:01.913-03:00  INFO 66236 --- [           main] o.h.b.i.BytecodeProviderInitiator        : HHH000021: Bytecode provider name : bytebuddy
2023-09-23T04:46:02.273-03:00  INFO 66236 --- [           main] o.s.o.j.p.SpringPersistenceUnitInfo      : No LoadTimeWeaver setup: ignoring JPA class transformer
2023-09-23T04:46:02.285-03:00  INFO 66236 --- [           main] com.zaxxer.hikari.HikariDataSource       : HikariPool-1 - Starting...
2023-09-23T04:46:02.471-03:00  INFO 66236 --- [           main] com.zaxxer.hikari.pool.HikariPool        : HikariPool-1 - Added connection conn0: url=jdbc:h2:mem:testdb user=SA
2023-09-23T04:46:02.472-03:00  INFO 66236 --- [           main] com.zaxxer.hikari.HikariDataSource       : HikariPool-1 - Start completed.
2023-09-23T04:46:02.714-03:00  INFO 66236 --- [           main] o.h.b.i.BytecodeProviderInitiator        : HHH000021: Bytecode provider name : bytebuddy
2023-09-23T04:46:03.561-03:00  INFO 66236 --- [           main] o.h.e.t.j.p.i.JtaPlatformInitiator       : HHH000490: Using JtaPlatform implementation: [org.hibernate.engine.transaction.jta.platform.internal.NoJtaPlatform]
Hibernate: 
    create table tb_cliente (
        id integer not null,
        cpf varchar(255) not null,
        idade integer not null,
        nome varchar(255) not null,
        rg varchar(255) not null,
        primary key (id)
    )
Hibernate: 
    create table tb_pagamento (
        id_pagmaneto integer not null,
        metodopagamento varchar(255) not null,
        statuscompra boolean not null,
        primary key (id_pagmaneto)
    )
Hibernate: 
    create table tb_planos (
        id integer not null,
        nome varchar(255) not null,
        preco float(53) not null,
        primary key (id)
    )
Hibernate: 
    create sequence sq_cliente start with 1 increment by 1
2023-09-23T04:46:03.627-03:00  INFO 66236 --- [           main] j.LocalContainerEntityManagerFactoryBean : Initialized JPA EntityManagerFactory for persistence unit 'default'
2023-09-23T04:46:04.369-03:00  WARN 66236 --- [           main] JpaBaseConfiguration$JpaWebConfiguration : spring.jpa.open-in-view is enabled by default. Therefore, database queries may be performed during view rendering. Explicitly configure spring.jpa.open-in-view to disable this warning
2023-09-23T04:46:05.087-03:00  WARN 66236 --- [           main] ion$DefaultTemplateResolverConfiguration : Cannot find template location: classpath:/templates/ (please add some templates, check your Thymeleaf configuration, or set spring.thymeleaf.check-template-location=false)
2023-09-23T04:46:05.822-03:00  INFO 66236 --- [           main] o.s.b.a.h2.H2ConsoleAutoConfiguration    : H2 console available at '/h2'. Database available at 'jdbc:h2:mem:testdb'
2023-09-23T04:46:05.986-03:00  INFO 66236 --- [           main] b.c.f.restapi.RestapiApplicationTests    : Started RestapiApplicationTests in 7.117 seconds (process running for 8.129)
]]></system-out>
  </testcase>
</testsuite>